<?xml version="1.0" encoding="UTF-8"?>
<!-- Generated by org.testng.reporters.JUnitReportReporter -->
<testsuite skipped="0" hostname="DESKTOP-GOAQVTN" name="DogBreedTestCases.DogBreedTest" tests="4" failures="0" timestamp="2020-06-23T06:22:16 CAT" time="5.521" errors="0">
  <testcase name="dogBreeds" time="3.143" classname="DogBreedTestCases.DogBreedTest"/>
  <testcase name="subBreeds" time="0.629" classname="DogBreedTestCases.DogBreedTest"/>
  <testcase name="verifyBreed" time="1.134" classname="DogBreedTestCases.DogBreedTest"/>
  <testcase name="subBreedsImages" time="0.615" classname="DogBreedTestCases.DogBreedTest"/>
</testsuite> <!-- DogBreedTestCases.DogBreedTest -->
